<?xml version="1.0" encoding="UTF-8"?>
<testsuite xmlns:xsi="http://www.w3.org/2001/XMLSchema-instance" xsi:noNamespaceSchemaLocation="https://maven.apache.org/surefire/maven-surefire-plugin/xsd/surefire-test-report-3.0.xsd" version="3.0" name="com.example.demo.demo_backend.DemoBackendApplicationTests" time="11.193" tests="1" errors="0" skipped="0" failures="0">
  <properties>
[...]
</properties>
  <testcase name="contextLoads" classname="com.example.demo.demo_backend.DemoBackendApplicationTests" time="0.014">
    <system-out><![CDATA[21:10:51.554 [main] INFO org.springframework.test.context.support.AnnotationConfigContextLoaderUtils -- Could not detect default configuration classes for test class [com.example.demo.demo_backend.DemoBackendApplicationTests]: DemoBackendApplicationTests does not declare any static, non-private, non-final, nested classes annotated with @Configuration.
21:10:51.677 [main] INFO org.springframework.boot.test.context.SpringBootTestContextBootstrapper -- Found @SpringBootConfiguration com.example.demo.demo_backend.DemoBackendApplication for test class com.example.demo.demo_backend.DemoBackendApplicationTests
21:10:51.907 [main] INFO org.springframework.boot.devtools.restart.RestartApplicationListener -- Restart disabled due to context in which it is running
  .   ____          _            __ _ _
 /\\ / ___'_ __ _ _(_)_ __  __ _ \ \ \ \
( ( )\___ | '_ | '_| | '_ \/ _` | \ \ \ \
 \\/  ___)| |_)| | | | | || (_| |  ) ) ) )
  '  |____| .__|_| |_|_| |_\__, | / / / /
 =========|_|==============|___/=/_/_/_/

 :: Spring Boot ::                (v3.3.0)

2024-12-01T21:10:52.145-05:00  INFO 46653 --- [demo_backend] [           main] c.e.d.d.DemoBackendApplicationTests      : Starting DemoBackendApplicationTests using Java 17.0.13 with PID 46653 (started by kevin in /home/kevin/Documentos/Ing Software/BACKPROYECTO/BackEndVirtualVaultProyect/demo_backend)
2024-12-01T21:10:52.146-05:00  INFO 46653 --- [demo_backend] [           main] c.e.d.d.DemoBackendApplicationTests      : No active profile set, falling back to 1 default profile: "default"
2024-12-01T21:10:52.867-05:00  INFO 46653 --- [demo_backend] [           main] .s.d.r.c.RepositoryConfigurationDelegate : Bootstrapping Spring Data JPA repositories in DEFAULT mode.
2024-12-01T21:10:52.954-05:00  INFO 46653 --- [demo_backend] [           main] .s.d.r.c.RepositoryConfigurationDelegate : Finished Spring Data repository scanning in 81 ms. Found 9 JPA repository interfaces.
2024-12-01T21:10:53.445-05:00  INFO 46653 --- [demo_backend] [           main] o.hibernate.jpa.internal.util.LogHelper  : HHH000204: Processing PersistenceUnitInfo [name: default]
2024-12-01T21:10:53.487-05:00  INFO 46653 --- [demo_backend] [           main] org.hibernate.Version                    : HHH000412: Hibernate ORM core version 6.5.2.Final
2024-12-01T21:10:53.516-05:00  INFO 46653 --- [demo_backend] [           main] o.h.c.internal.RegionFactoryInitiator    : HHH000026: Second-level cache disabled
2024-12-01T21:10:53.629-05:00  INFO 46653 --- [demo_backend] [           main] o.s.o.j.p.SpringPersistenceUnitInfo      : No LoadTimeWeaver setup: ignoring JPA class transformer
2024-12-01T21:10:53.664-05:00  INFO 46653 --- [demo_backend] [           main] com.zaxxer.hikari.HikariDataSource       : HikariPool-1 - Starting...
2024-12-01T21:10:55.213-05:00  INFO 46653 --- [demo_backend] [           main] com.zaxxer.hikari.pool.HikariPool        : HikariPool-1 - Added connection org.postgresql.jdbc.PgConnection@75784062
2024-12-01T21:10:55.216-05:00  INFO 46653 --- [demo_backend] [           main] com.zaxxer.hikari.HikariDataSource       : HikariPool-1 - Start completed.
2024-12-01T21:10:55.453-05:00  WARN 46653 --- [demo_backend] [           main] org.hibernate.dialect.Dialect            : HHH000511: The 9.6.24 version for [org.hibernate.dialect.PostgreSQLDialect] is no longer supported, hence certain features may not work properly. The minimum supported version is 12.0.0. Check the community dialects project for available legacy versions.
2024-12-01T21:10:56.463-05:00  INFO 46653 --- [demo_backend] [           main] o.h.e.t.j.p.i.JtaPlatformInitiator       : HHH000489: No JTA platform available (set 'hibernate.transaction.jta.platform' to enable JTA platform integration)
2024-12-01T21:11:00.098-05:00  INFO 46653 --- [demo_backend] [           main] j.LocalContainerEntityManagerFactoryBean : Initialized JPA EntityManagerFactory for persistence unit 'default'
2024-12-01T21:11:00.409-05:00  INFO 46653 --- [demo_backend] [           main] o.s.d.j.r.query.QueryEnhancerFactory     : Hibernate is in classpath; If applicable, HQL parser will be used.
2024-12-01T21:11:01.037-05:00  WARN 46653 --- [demo_backend] [           main] JpaBaseConfiguration$JpaWebConfiguration : spring.jpa.open-in-view is enabled by default. Therefore, database queries may be performed during view rendering. Explicitly configure spring.jpa.open-in-view to disable this warning
2024-12-01T21:11:01.070-05:00  WARN 46653 --- [demo_backend] [           main] .s.s.UserDetailsServiceAutoConfiguration : 

Using generated security password: 4189c00b-76f0-47b9-8b34-883def025a05

This generated password is for development use only. Your security configuration must be updated before running your application in production.

2024-12-01T21:11:01.084-05:00  INFO 46653 --- [demo_backend] [           main] r$InitializeUserDetailsManagerConfigurer : Global AuthenticationManager configured with UserDetailsService bean with name inMemoryUserDetailsManager
2024-12-01T21:11:01.175-05:00  INFO 46653 --- [demo_backend] [           main] o.s.s.web.DefaultSecurityFilterChain     : Will secure any request with [org.springframework.security.web.session.DisableEncodeUrlFilter@285bee4e, org.springframework.security.web.context.request.async.WebAsyncManagerIntegrationFilter@d181ca3, org.springframework.security.web.context.SecurityContextHolderFilter@f5a1b27, org.springframework.security.web.header.HeaderWriterFilter@5441309e, org.springframework.web.filter.CorsFilter@52072c45, org.springframework.security.web.authentication.logout.LogoutFilter@68812b74, org.springframework.security.web.savedrequest.RequestCacheAwareFilter@1916d0eb, org.springframework.security.web.servletapi.SecurityContextHolderAwareRequestFilter@2aaa5122, org.springframework.security.web.authentication.AnonymousAuthenticationFilter@78b9d614, org.springframework.security.web.access.ExceptionTranslationFilter@12f12982, org.springframework.security.web.access.intercept.FilterSecurityInterceptor@33e7ece5]
2024-12-01T21:11:01.669-05:00  INFO 46653 --- [demo_backend] [           main] c.e.d.d.DemoBackendApplicationTests      : Started DemoBackendApplicationTests in 9.771 seconds (process running for 14.295)
]]></system-out>
  </testcase>
</testsuite>